2025-09-20 11:12:17 - web_crawler - INFO - 爬取: https://example.com (深度: 0/1)
2025-09-20 11:12:20 - web_crawler - INFO - 爬取: https://www.iana.org/domains/example (深度: 1/1)
2025-09-20 11:12:22 - web_crawler - INFO - 爬取完成: 2 页面，成功: 2，失败: 0
2025-09-20 11:12:22 - web_crawler - INFO - 耗时: 4.99 秒
2025-09-21 16:44:44 - web_crawler - INFO - 爬取: https://example.com (深度: 0/1)
2025-09-21 16:47:38 - web_crawler - INFO - 爬取: https://example.com (深度: 0/1)
2025-09-21 16:47:40 - web_crawler - INFO - 爬取: https://www.iana.org/domains/example (深度: 1/1)
2025-09-21 16:47:43 - web_crawler - INFO - 爬取完成: 2 页面，成功: 2，失败: 0
2025-09-21 16:47:43 - web_crawler - INFO - 耗时: 4.69 秒
2025-09-22 14:52:09 - web_crawler - INFO - 爬取: http://example.com (深度: 0/1)
2025-09-22 14:52:11 - web_crawler - INFO - 爬取: https://www.iana.org/domains/example (深度: 1/1)
2025-09-22 14:52:14 - web_crawler - INFO - 爬取完成: 2 页面，成功: 2，失败: 0
2025-09-22 14:52:14 - web_crawler - INFO - 耗时: 4.64 秒
2025-09-22 14:52:14 - web_crawler - INFO - 爬取: http://example.com (深度: 0/1)
2025-09-22 14:52:16 - web_crawler - INFO - 爬取: https://www.iana.org/domains/example (深度: 1/1)
2025-09-22 14:52:18 - web_crawler - INFO - 爬取完成: 2 页面，成功: 2，失败: 0
2025-09-22 14:52:18 - web_crawler - INFO - 耗时: 4.25 秒
2025-09-22 14:53:02 - web_crawler - INFO - 爬取: https://httpbin.org/html (深度: 0/1)
2025-09-22 14:53:04 - web_crawler - INFO - 爬取完成: 1 页面，成功: 1，失败: 0
2025-09-22 14:53:04 - web_crawler - INFO - 耗时: 2.58 秒
2025-09-22 14:53:04 - web_crawler - INFO - 爬取: https://httpbin.org/html (深度: 0/1)
2025-09-22 14:53:08 - web_crawler - INFO - 爬取完成: 1 页面，成功: 1，失败: 0
2025-09-22 14:53:08 - web_crawler - INFO - 耗时: 3.61 秒
2025-09-22 14:55:09 - web_crawler - INFO - 爬取: http://example.com (深度: 0/1)
2025-09-22 14:55:11 - web_crawler - INFO - 爬取: https://www.iana.org/domains/example (深度: 1/1)
2025-09-22 14:55:13 - web_crawler - INFO - 爬取完成: 2 页面，成功: 2，失败: 0
2025-09-22 14:55:13 - web_crawler - INFO - 耗时: 3.78 秒
2025-09-22 14:55:13 - web_crawler - INFO - 爬取: http://example.com (深度: 0/1)
2025-09-22 14:55:15 - web_crawler - INFO - 爬取: https://www.iana.org/domains/example (深度: 1/1)
2025-09-22 14:55:17 - web_crawler - INFO - 爬取完成: 2 页面，成功: 2，失败: 0
2025-09-22 14:55:17 - web_crawler - INFO - 耗时: 3.96 秒
2025-09-22 14:55:59 - web_crawler - INFO - 爬取: https://httpbin.org/html (深度: 0/1)
2025-09-22 14:56:02 - web_crawler - INFO - 爬取完成: 1 页面，成功: 1，失败: 0
2025-09-22 14:56:02 - web_crawler - INFO - 耗时: 2.98 秒
2025-09-22 14:56:02 - web_crawler - INFO - 爬取: https://httpbin.org/html (深度: 0/1)
2025-09-22 14:56:06 - web_crawler - INFO - 爬取完成: 1 页面，成功: 1，失败: 0
2025-09-22 14:56:06 - web_crawler - INFO - 耗时: 4.22 秒
2025-09-22 14:58:55 - web_crawler - INFO - 爬取: http://example.com (深度: 0/1)
2025-09-22 14:58:58 - web_crawler - INFO - 爬取: https://www.iana.org/domains/example (深度: 1/1)
2025-09-22 14:59:00 - web_crawler - INFO - 爬取完成: 2 页面，成功: 2，失败: 0
2025-09-22 14:59:00 - web_crawler - INFO - 耗时: 5.36 秒
2025-09-22 14:59:00 - web_crawler - INFO - 爬取: http://example.com (深度: 0/1)
2025-09-22 14:59:01 - web_crawler - INFO - 爬取: https://www.iana.org/domains/example (深度: 1/1)
2025-09-22 14:59:04 - web_crawler - INFO - 爬取完成: 2 页面，成功: 2，失败: 0
2025-09-22 14:59:04 - web_crawler - INFO - 耗时: 3.94 秒
2025-09-22 14:59:46 - web_crawler - INFO - 爬取: https://httpbin.org/html (深度: 0/1)
2025-09-22 14:59:49 - web_crawler - INFO - 爬取完成: 1 页面，成功: 1，失败: 0
2025-09-22 14:59:49 - web_crawler - INFO - 耗时: 2.49 秒
2025-09-22 14:59:49 - web_crawler - INFO - 爬取: https://httpbin.org/html (深度: 0/1)
2025-09-22 14:59:51 - web_crawler - INFO - 爬取完成: 1 页面，成功: 1，失败: 0
2025-09-22 14:59:51 - web_crawler - INFO - 耗时: 2.56 秒
2025-09-22 15:04:31 - web_crawler - INFO - 爬取: http://example.com (深度: 0/1)
2025-09-22 15:04:32 - web_crawler - INFO - 爬取: https://www.iana.org/domains/example (深度: 1/1)
2025-09-22 15:04:35 - web_crawler - INFO - 爬取完成: 2 页面，成功: 2，失败: 0
2025-09-22 15:04:35 - web_crawler - INFO - 耗时: 4.20 秒
2025-09-22 15:04:35 - web_crawler - INFO - 爬取: http://example.com (深度: 0/1)
2025-09-22 15:04:37 - web_crawler - INFO - 爬取: https://www.iana.org/domains/example (深度: 1/1)
2025-09-22 15:04:39 - web_crawler - INFO - 爬取完成: 2 页面，成功: 2，失败: 0
2025-09-22 15:04:39 - web_crawler - INFO - 耗时: 4.06 秒
2025-09-22 15:05:21 - web_crawler - INFO - 爬取: https://httpbin.org/html (深度: 0/1)
2025-09-22 15:05:26 - web_crawler - INFO - 爬取完成: 1 页面，成功: 1，失败: 0
2025-09-22 15:05:26 - web_crawler - INFO - 耗时: 4.31 秒
2025-09-22 15:05:26 - web_crawler - INFO - 爬取: https://httpbin.org/html (深度: 0/1)
2025-09-22 15:05:29 - web_crawler - INFO - 爬取完成: 1 页面，成功: 0，失败: 1
2025-09-22 15:05:29 - web_crawler - INFO - 耗时: 3.02 秒
2025-09-22 15:08:33 - web_crawler - INFO - 爬取: http://example.com (深度: 0/1)
2025-09-22 15:08:35 - web_crawler - INFO - 爬取: https://www.iana.org/domains/example (深度: 1/1)
2025-09-22 15:08:38 - web_crawler - INFO - 爬取完成: 2 页面，成功: 2，失败: 0
2025-09-22 15:08:38 - web_crawler - INFO - 耗时: 4.56 秒
2025-09-22 15:08:38 - web_crawler - INFO - 爬取: http://example.com (深度: 0/1)
2025-09-22 15:08:39 - web_crawler - INFO - 爬取: https://www.iana.org/domains/example (深度: 1/1)
2025-09-22 15:08:42 - web_crawler - INFO - 爬取完成: 2 页面，成功: 2，失败: 0
2025-09-22 15:08:42 - web_crawler - INFO - 耗时: 4.73 秒
2025-09-22 15:09:24 - web_crawler - INFO - 爬取: https://httpbin.org/html (深度: 0/1)
2025-09-22 15:09:27 - web_crawler - INFO - 爬取完成: 1 页面，成功: 1，失败: 0
2025-09-22 15:09:27 - web_crawler - INFO - 耗时: 2.28 秒
2025-09-22 15:09:27 - web_crawler - INFO - 爬取: https://httpbin.org/html (深度: 0/1)
2025-09-22 15:09:29 - web_crawler - INFO - 爬取完成: 1 页面，成功: 1，失败: 0
2025-09-22 15:09:29 - web_crawler - INFO - 耗时: 2.36 秒
2025-09-22 15:14:02 - web_crawler - INFO - 爬取: http://example.com (深度: 0/1)
2025-09-22 15:14:04 - web_crawler - INFO - 爬取: https://www.iana.org/domains/example (深度: 1/1)
2025-09-22 15:14:06 - web_crawler - INFO - 爬取完成: 2 页面，成功: 2，失败: 0
2025-09-22 15:14:06 - web_crawler - INFO - 耗时: 3.79 秒
2025-09-22 15:14:06 - web_crawler - INFO - 爬取: http://example.com (深度: 0/1)
2025-09-22 15:14:08 - web_crawler - INFO - 爬取: https://www.iana.org/domains/example (深度: 1/1)
2025-09-22 15:14:10 - web_crawler - INFO - 爬取完成: 2 页面，成功: 2，失败: 0
2025-09-22 15:14:10 - web_crawler - INFO - 耗时: 4.04 秒
2025-09-22 15:14:52 - web_crawler - INFO - 爬取: https://httpbin.org/html (深度: 0/1)
2025-09-22 15:14:55 - web_crawler - INFO - 爬取完成: 1 页面，成功: 1，失败: 0
2025-09-22 15:14:55 - web_crawler - INFO - 耗时: 3.01 秒
2025-09-22 15:14:55 - web_crawler - INFO - 爬取: https://httpbin.org/html (深度: 0/1)
2025-09-22 15:14:58 - web_crawler - INFO - 爬取完成: 1 页面，成功: 1，失败: 0
2025-09-22 15:14:58 - web_crawler - INFO - 耗时: 2.94 秒
2025-09-22 15:17:19 - web_crawler - INFO - 爬取: http://example.com (深度: 0/1)
2025-09-22 15:17:20 - web_crawler - INFO - 爬取: https://www.iana.org/domains/example (深度: 1/1)
2025-09-22 15:17:23 - web_crawler - INFO - 爬取完成: 2 页面，成功: 2，失败: 0
2025-09-22 15:17:23 - web_crawler - INFO - 耗时: 3.75 秒
2025-09-22 15:17:23 - web_crawler - INFO - 爬取: http://example.com (深度: 0/1)
2025-09-22 15:17:24 - web_crawler - INFO - 爬取: https://www.iana.org/domains/example (深度: 1/1)
2025-09-22 15:17:26 - web_crawler - INFO - 爬取完成: 2 页面，成功: 2，失败: 0
2025-09-22 15:17:26 - web_crawler - INFO - 耗时: 3.85 秒
2025-09-22 15:18:09 - web_crawler - INFO - 爬取: https://httpbin.org/html (深度: 0/1)
2025-09-22 15:18:11 - web_crawler - INFO - 爬取完成: 1 页面，成功: 1，失败: 0
2025-09-22 15:18:11 - web_crawler - INFO - 耗时: 2.56 秒
2025-09-22 15:18:11 - web_crawler - INFO - 爬取: https://httpbin.org/html (深度: 0/1)
2025-09-22 15:18:14 - web_crawler - INFO - 爬取完成: 1 页面，成功: 1，失败: 0
2025-09-22 15:18:14 - web_crawler - INFO - 耗时: 2.76 秒
2025-09-22 15:20:00 - web_crawler - INFO - 爬取: http://example.com (深度: 0/1)
2025-09-22 15:20:02 - web_crawler - INFO - 爬取: https://www.iana.org/domains/example (深度: 1/1)
2025-09-22 15:20:04 - web_crawler - INFO - 爬取完成: 2 页面，成功: 2，失败: 0
2025-09-22 15:20:04 - web_crawler - INFO - 耗时: 4.09 秒
2025-09-22 15:20:04 - web_crawler - INFO - 爬取: http://example.com (深度: 0/1)
2025-09-22 15:20:06 - web_crawler - INFO - 爬取: https://www.iana.org/domains/example (深度: 1/1)
2025-09-22 15:20:08 - web_crawler - INFO - 爬取完成: 2 页面，成功: 2，失败: 0
2025-09-22 15:20:08 - web_crawler - INFO - 耗时: 3.73 秒
2025-09-22 15:20:50 - web_crawler - INFO - 爬取: https://httpbin.org/html (深度: 0/1)
2025-09-22 15:20:52 - web_crawler - INFO - 爬取完成: 1 页面，成功: 1，失败: 0
2025-09-22 15:20:52 - web_crawler - INFO - 耗时: 2.12 秒
2025-09-22 15:20:52 - web_crawler - INFO - 爬取: https://httpbin.org/html (深度: 0/1)
2025-09-22 15:20:55 - web_crawler - INFO - 爬取完成: 1 页面，成功: 1，失败: 0
2025-09-22 15:20:55 - web_crawler - INFO - 耗时: 2.40 秒
2025-09-22 15:22:37 - web_crawler - INFO - 爬取: http://example.com (深度: 0/1)
2025-09-22 15:22:39 - web_crawler - INFO - 爬取: https://www.iana.org/domains/example (深度: 1/1)
2025-09-22 15:22:43 - web_crawler - INFO - 爬取完成: 2 页面，成功: 2，失败: 0
2025-09-22 15:22:43 - web_crawler - INFO - 耗时: 6.06 秒
2025-09-22 15:22:43 - web_crawler - INFO - 爬取: http://example.com (深度: 0/1)
2025-09-22 15:22:45 - web_crawler - INFO - 爬取: https://www.iana.org/domains/example (深度: 1/1)
2025-09-22 15:22:48 - web_crawler - INFO - 爬取完成: 2 页面，成功: 2，失败: 0
2025-09-22 15:22:48 - web_crawler - INFO - 耗时: 5.68 秒
2025-09-22 15:23:31 - web_crawler - INFO - 爬取: https://httpbin.org/html (深度: 0/1)
2025-09-22 15:23:34 - web_crawler - INFO - 爬取完成: 1 页面，成功: 1，失败: 0
2025-09-22 15:23:34 - web_crawler - INFO - 耗时: 3.11 秒
2025-09-22 15:23:34 - web_crawler - INFO - 爬取: https://httpbin.org/html (深度: 0/1)
2025-09-22 15:23:36 - web_crawler - INFO - 爬取完成: 1 页面，成功: 1，失败: 0
2025-09-22 15:23:36 - web_crawler - INFO - 耗时: 2.41 秒
2025-09-22 15:25:54 - web_crawler - INFO - 爬取: http://example.com (深度: 0/1)
2025-09-22 15:25:56 - web_crawler - INFO - 爬取: https://www.iana.org/domains/example (深度: 1/1)
2025-09-22 15:25:58 - web_crawler - INFO - 爬取完成: 2 页面，成功: 2，失败: 0
2025-09-22 15:25:58 - web_crawler - INFO - 耗时: 3.56 秒
2025-09-22 15:25:58 - web_crawler - INFO - 爬取: http://example.com (深度: 0/1)
2025-09-22 15:25:59 - web_crawler - INFO - 爬取: https://www.iana.org/domains/example (深度: 1/1)
2025-09-22 15:26:01 - web_crawler - INFO - 爬取完成: 2 页面，成功: 2，失败: 0
2025-09-22 15:26:01 - web_crawler - INFO - 耗时: 3.46 秒
2025-09-22 15:26:43 - web_crawler - INFO - 爬取: https://httpbin.org/html (深度: 0/1)
2025-09-22 15:26:45 - web_crawler - INFO - 爬取完成: 1 页面，成功: 1，失败: 0
2025-09-22 15:26:45 - web_crawler - INFO - 耗时: 2.05 秒
2025-09-22 15:26:45 - web_crawler - INFO - 爬取: https://httpbin.org/html (深度: 0/1)
2025-09-22 15:26:47 - web_crawler - INFO - 爬取完成: 1 页面，成功: 1，失败: 0
2025-09-22 15:26:47 - web_crawler - INFO - 耗时: 2.06 秒
2025-09-22 15:28:38 - web_crawler - INFO - 爬取: http://example.com (深度: 0/1)
2025-09-22 15:28:40 - web_crawler - INFO - 爬取: https://www.iana.org/domains/example (深度: 1/1)
2025-09-22 15:28:42 - web_crawler - INFO - 爬取完成: 2 页面，成功: 2，失败: 0
2025-09-22 15:28:42 - web_crawler - INFO - 耗时: 3.48 秒
2025-09-22 15:28:42 - web_crawler - INFO - 爬取: http://example.com (深度: 0/1)
2025-09-22 15:28:43 - web_crawler - INFO - 爬取: https://www.iana.org/domains/example (深度: 1/1)
2025-09-22 15:28:45 - web_crawler - INFO - 爬取完成: 2 页面，成功: 2，失败: 0
2025-09-22 15:28:45 - web_crawler - INFO - 耗时: 3.48 秒
2025-09-22 15:29:28 - web_crawler - INFO - 爬取: https://httpbin.org/html (深度: 0/1)
2025-09-22 15:29:30 - web_crawler - INFO - 爬取完成: 1 页面，成功: 1，失败: 0
2025-09-22 15:29:30 - web_crawler - INFO - 耗时: 2.77 秒
2025-09-22 15:29:30 - web_crawler - INFO - 爬取: https://httpbin.org/html (深度: 0/1)
2025-09-22 15:29:33 - web_crawler - INFO - 爬取完成: 1 页面，成功: 1，失败: 0
2025-09-22 15:29:33 - web_crawler - INFO - 耗时: 2.48 秒
2025-09-22 15:32:03 - web_crawler - INFO - 爬取: http://example.com (深度: 0/1)
2025-09-22 15:32:04 - web_crawler - INFO - 爬取: https://www.iana.org/domains/example (深度: 1/1)
2025-09-22 15:32:06 - web_crawler - INFO - 爬取完成: 2 页面，成功: 2，失败: 0
2025-09-22 15:32:06 - web_crawler - INFO - 耗时: 3.42 秒
2025-09-22 15:32:06 - web_crawler - INFO - 爬取: http://example.com (深度: 0/1)
2025-09-22 15:32:08 - web_crawler - INFO - 爬取: https://www.iana.org/domains/example (深度: 1/1)
2025-09-22 15:32:10 - web_crawler - INFO - 爬取完成: 2 页面，成功: 2，失败: 0
2025-09-22 15:32:10 - web_crawler - INFO - 耗时: 3.45 秒
2025-09-22 15:32:52 - web_crawler - INFO - 爬取: https://httpbin.org/html (深度: 0/1)
2025-09-22 15:32:55 - web_crawler - INFO - 爬取完成: 1 页面，成功: 1，失败: 0
2025-09-22 15:32:55 - web_crawler - INFO - 耗时: 3.22 秒
2025-09-22 15:32:55 - web_crawler - INFO - 爬取: https://httpbin.org/html (深度: 0/1)
2025-09-22 15:32:57 - web_crawler - INFO - 爬取完成: 1 页面，成功: 1，失败: 0
2025-09-22 15:32:57 - web_crawler - INFO - 耗时: 2.16 秒
2025-09-22 15:35:33 - web_crawler - INFO - 爬取: http://example.com (深度: 0/1)
2025-09-22 15:35:34 - web_crawler - INFO - 爬取: https://www.iana.org/domains/example (深度: 1/1)
2025-09-22 15:35:36 - web_crawler - INFO - 爬取完成: 2 页面，成功: 2，失败: 0
2025-09-22 15:35:36 - web_crawler - INFO - 耗时: 3.31 秒
2025-09-22 15:35:36 - web_crawler - INFO - 爬取: http://example.com (深度: 0/1)
2025-09-22 15:35:38 - web_crawler - INFO - 爬取: https://www.iana.org/domains/example (深度: 1/1)
2025-09-22 15:35:40 - web_crawler - INFO - 爬取完成: 2 页面，成功: 2，失败: 0
2025-09-22 15:35:40 - web_crawler - INFO - 耗时: 3.47 秒
2025-09-22 15:36:22 - web_crawler - INFO - 爬取: https://httpbin.org/html (深度: 0/1)
2025-09-22 15:36:25 - web_crawler - INFO - 爬取完成: 1 页面，成功: 1，失败: 0
2025-09-22 15:36:25 - web_crawler - INFO - 耗时: 3.18 秒
2025-09-22 15:36:25 - web_crawler - INFO - 爬取: https://httpbin.org/html (深度: 0/1)
2025-09-22 15:36:28 - web_crawler - INFO - 爬取完成: 1 页面，成功: 1，失败: 0
2025-09-22 15:36:28 - web_crawler - INFO - 耗时: 3.49 秒
2025-09-22 15:39:05 - web_crawler - INFO - 爬取: http://example.com (深度: 0/1)
2025-09-22 15:39:06 - web_crawler - INFO - 爬取: https://www.iana.org/domains/example (深度: 1/1)
2025-09-22 15:39:08 - web_crawler - INFO - 爬取完成: 2 页面，成功: 2，失败: 0
2025-09-22 15:39:08 - web_crawler - INFO - 耗时: 3.47 秒
2025-09-22 15:39:08 - web_crawler - INFO - 爬取: http://example.com (深度: 0/1)
2025-09-22 15:39:10 - web_crawler - INFO - 爬取: https://www.iana.org/domains/example (深度: 1/1)
2025-09-22 15:39:11 - web_crawler - INFO - 爬取完成: 2 页面，成功: 2，失败: 0
2025-09-22 15:39:11 - web_crawler - INFO - 耗时: 3.41 秒
2025-09-22 15:39:54 - web_crawler - INFO - 爬取: https://httpbin.org/html (深度: 0/1)
2025-09-22 15:39:57 - web_crawler - INFO - 爬取完成: 1 页面，成功: 1，失败: 0
2025-09-22 15:39:57 - web_crawler - INFO - 耗时: 3.15 秒
2025-09-22 15:39:57 - web_crawler - INFO - 爬取: https://httpbin.org/html (深度: 0/1)
2025-09-22 15:39:59 - web_crawler - INFO - 爬取完成: 1 页面，成功: 1，失败: 0
2025-09-22 15:39:59 - web_crawler - INFO - 耗时: 2.10 秒
